#
# There is insufficient memory for the Java Runtime Environment to continue.
# Native memory allocation (malloc) failed to allocate 1440016 bytes for Chunk::new
# Possible reasons:
#   The system is out of physical RAM or swap space
#   In 32 bit mode, the process size limit was hit
# Possible solutions:
#   Reduce memory load on the system
#   Increase physical memory or swap space
#   Check if swap backing store is full
#   Use 64 bit Java on a 64 bit OS
#   Decrease Java heap size (-Xmx/-Xms)
#   Decrease number of Java threads
#   Decrease Java thread stack sizes (-Xss)
#   Set larger code cache with -XX:ReservedCodeCacheSize=
# This output file may be truncated or incomplete.
#
#  Out of Memory Error (allocation.cpp:390), pid=19796, tid=0x000000000000fff8
#
# JRE version: OpenJDK Runtime Environment (8.0_76-b03) (build 1.8.0_76-release-b03)
# Java VM: OpenJDK 64-Bit Server VM (25.76-b03 mixed mode windows-amd64 compressed oops)
# Failed to write core dump. Minidumps are not enabled by default on client versions of Windows
#

---------------  T H R E A D  ---------------

Current thread (0x0000000015911000):  JavaThread "C2 CompilerThread0" daemon [_thread_in_native, id=65528, stack(0x0000000017220000,0x0000000017320000)]

Stack: [0x0000000017220000,0x0000000017320000]
[error occurred during error reporting (printing stack bounds), id 0xc0000005]

Native frames: (J=compiled Java code, j=interpreted, Vv=VM code, C=native code)


Current CompileTask:
C2:  14817 2241 %     4       com.android.dx.ssa.ConstCollector::updateConstUses @ 20 (248 bytes)


---------------  P R O C E S S  ---------------

Java Threads: ( => current thread )
  0x0000000016e97000 JavaThread "pool-1-thread-2" [_thread_in_Java, id=80676, stack(0x0000000017920000,0x0000000017a20000)]
  0x0000000016e93800 JavaThread "pool-2-thread-1" [_thread_blocked, id=51760, stack(0x0000000017820000,0x0000000017920000)]
  0x0000000016c87800 JavaThread "Service Thread" daemon [_thread_blocked, id=51808, stack(0x0000000017520000,0x0000000017620000)]
  0x0000000016c7b000 JavaThread "C1 CompilerThread2" daemon [_thread_blocked, id=55768, stack(0x0000000017420000,0x0000000017520000)]
  0x000000001591d000 JavaThread "C2 CompilerThread1" daemon [_thread_in_native, id=42704, stack(0x0000000017320000,0x0000000017420000)]
=>0x0000000015911000 JavaThread "C2 CompilerThread0" daemon [_thread_in_native, id=65528, stack(0x0000000017220000,0x0000000017320000)]
  0x0000000015910800 JavaThread "Attach Listener" daemon [_thread_blocked, id=18900, stack(0x0000000017120000,0x0000000017220000)]
  0x00000000158cd800 JavaThread "Signal Dispatcher" daemon [_thread_blocked, id=65000, stack(0x0000000017020000,0x0000000017120000)]
  0x00000000158a8000 JavaThread "Finalizer" daemon [_thread_blocked, id=43140, stack(0x0000000016b20000,0x0000000016c20000)]
  0x00000000031e0800 JavaThread "Reference Handler" daemon [_thread_blocked, id=81968, stack(0x0000000016a20000,0x0000000016b20000)]
  0x00000000030f0800 JavaThread "main" [_thread_blocked, id=51924, stack(0x0000000002ef0000,0x0000000002ff0000)]

Other Threads:
  0x0000000015884800 VMThread [stack: 0x0000000016920000,0x0000000016a20000] [id=70488]
  0x0000000016c89800 WatcherThread [stack: 0x0000000017620000,0x0000000017720000] [id=73604]

VM state:not at safepoint (normal execution)

VM Mutex/Monitor currently owned by a thread: None

Heap:
 PSYoungGen      total 291328K, used 67542K [0x00000000eab00000, 0x00000000fee00000, 0x0000000100000000)
  eden space 262656K, 16% used [0x00000000eab00000,0x00000000ed4baea8,0x00000000fab80000)
  from space 28672K, 86% used [0x00000000fcb00000,0x00000000fe33a9d0,0x00000000fe700000)
  to   space 32256K, 0% used [0x00000000fab80000,0x00000000fab80000,0x00000000fcb00000)
 ParOldGen       total 87552K, used 46307K [0x00000000c0000000, 0x00000000c5580000, 0x00000000eab00000)
  object space 87552K, 52% used [0x00000000c0000000,0x00000000c2d38e30,0x00000000c5580000)
 Metaspace       used 6538K, capacity 7220K, committed 7296K, reserved 1056768K
  class space    used 601K, capacity 620K, committed 640K, reserved 1048576K

Card table byte_map: [0x00000000125b0000,0x00000000127c0000] byte_map_base: 0x0000000011fb0000

Marking Bits: (ParMarkBitMap*) 0x00000000725c9d00
 Begin Bits: [0x0000000012d20000, 0x0000000013d20000)
 End Bits:   [0x0000000013d20000, 0x0000000014d20000)

Polling page: 0x0000000002a30000

CodeCache: size=245760Kb used=11032Kb max_used=11045Kb free=234727Kb
 bounds [0x00000000031f0000, 0x0000000003cd0000, 0x00000000121f0000]
 total_blobs=2437 nmethods=2166 adapters=184
 compilation: enabled

Compilation events (10 events):
Event: 14.718 Thread 0x0000000016c7b000 2328   !   2       com.android.dx.cf.code.BytecodeArray::parseInstruction (2764 bytes)
Event: 14.728 Thread 0x0000000016c7b000 nmethod 2328 0x0000000003ca9ad0 code [0x0000000003caaa00, 0x0000000003cb0f28]
Event: 14.751 Thread 0x000000001591d000 nmethod 2296 0x0000000003cbfc50 code [0x0000000003cbfe60, 0x0000000003cc1478]
Event: 14.751 Thread 0x000000001591d000 2323       4       com.android.dx.ssa.LocalVariableExtractor::doit (59 bytes)
Event: 14.758 Thread 0x000000001591d000 nmethod 2323 0x0000000003ca0d90 code [0x0000000003ca0f00, 0x0000000003ca1208]
Event: 14.758 Thread 0x000000001591d000 2322       4       com.android.dx.ssa.SsaMethod::makeExitBlock (134 bytes)
Event: 14.784 Thread 0x000000001591d000 nmethod 2322 0x0000000003cc34d0 code [0x0000000003cc36c0, 0x0000000003cc4368]
Event: 14.784 Thread 0x000000001591d000 2293       4       com.android.dx.ssa.SsaConverter::edgeSplitMoveExceptionsAndResults (157 bytes)
Event: 14.786 Thread 0x0000000016c7b000 2329       2       com.android.dx.rop.code.Rops::opIfLe (13 bytes)
Event: 14.787 Thread 0x0000000016c7b000 nmethod 2329 0x0000000003ca0a10 code [0x0000000003ca0b80, 0x0000000003ca0d08]

GC Heap History (10 events):
Event: 8.047 GC heap before
{Heap before GC invocations=2 (full 0):
 PSYoungGen      total 38400K, used 38398K [0x00000000eab00000, 0x00000000ef600000, 0x0000000100000000)
  eden space 33280K, 100% used [0x00000000eab00000,0x00000000ecb80000,0x00000000ecb80000)
  from space 5120K, 99% used [0x00000000ecb80000,0x00000000ed07fad0,0x00000000ed080000)
  to   space 5120K, 0% used [0x00000000ef100000,0x00000000ef100000,0x00000000ef600000)
 ParOldGen       total 87552K, used 346K [0x00000000c0000000, 0x00000000c5580000, 0x00000000eab00000)
  object space 87552K, 0% used [0x00000000c0000000,0x00000000c0056aa8,0x00000000c5580000)
 Metaspace       used 6121K, capacity 7024K, committed 7296K, reserved 1056768K
  class space    used 580K, capacity 616K, committed 640K, reserved 1048576K
Event: 8.104 GC heap after
Heap after GC invocations=2 (full 0):
 PSYoungGen      total 71680K, used 5089K [0x00000000eab00000, 0x00000000ef600000, 0x0000000100000000)
  eden space 66560K, 0% used [0x00000000eab00000,0x00000000eab00000,0x00000000eec00000)
  from space 5120K, 99% used [0x00000000ef100000,0x00000000ef5f85c0,0x00000000ef600000)
  to   space 5120K, 0% used [0x00000000eec00000,0x00000000eec00000,0x00000000ef100000)
 ParOldGen       total 87552K, used 4432K [0x00000000c0000000, 0x00000000c5580000, 0x00000000eab00000)
  object space 87552K, 5% used [0x00000000c0000000,0x00000000c0454000,0x00000000c5580000)
 Metaspace       used 6121K, capacity 7024K, committed 7296K, reserved 1056768K
  class space    used 580K, capacity 616K, committed 640K, reserved 1048576K
}
Event: 9.670 GC heap before
{Heap before GC invocations=3 (full 0):
 PSYoungGen      total 71680K, used 71649K [0x00000000eab00000, 0x00000000ef600000, 0x0000000100000000)
  eden space 66560K, 100% used [0x00000000eab00000,0x00000000eec00000,0x00000000eec00000)
  from space 5120K, 99% used [0x00000000ef100000,0x00000000ef5f85c0,0x00000000ef600000)
  to   space 5120K, 0% used [0x00000000eec00000,0x00000000eec00000,0x00000000ef100000)
 ParOldGen       total 87552K, used 4432K [0x00000000c0000000, 0x00000000c5580000, 0x00000000eab00000)
  object space 87552K, 5% used [0x00000000c0000000,0x00000000c0454000,0x00000000c5580000)
 Metaspace       used 6250K, capacity 7152K, committed 7296K, reserved 1056768K
  class space    used 581K, capacity 616K, committed 640K, reserved 1048576K
Event: 9.743 GC heap after
Heap after GC invocations=3 (full 0):
 PSYoungGen      total 71680K, used 5100K [0x00000000eab00000, 0x00000000f3700000, 0x0000000100000000)
  eden space 66560K, 0% used [0x00000000eab00000,0x00000000eab00000,0x00000000eec00000)
  from space 5120K, 99% used [0x00000000eec00000,0x00000000ef0fb338,0x00000000ef100000)
  to   space 5120K, 0% used [0x00000000f3200000,0x00000000f3200000,0x00000000f3700000)
 ParOldGen       total 87552K, used 14108K [0x00000000c0000000, 0x00000000c5580000, 0x00000000eab00000)
  object space 87552K, 16% used [0x00000000c0000000,0x00000000c0dc72c0,0x00000000c5580000)
 Metaspace       used 6250K, capacity 7152K, committed 7296K, reserved 1056768K
  class space    used 581K, capacity 616K, committed 640K, reserved 1048576K
}
Event: 11.318 GC heap before
{Heap before GC invocations=4 (full 0):
 PSYoungGen      total 71680K, used 71660K [0x00000000eab00000, 0x00000000f3700000, 0x0000000100000000)
  eden space 66560K, 100% used [0x00000000eab00000,0x00000000eec00000,0x00000000eec00000)
  from space 5120K, 99% used [0x00000000eec00000,0x00000000ef0fb338,0x00000000ef100000)
  to   space 5120K, 0% used [0x00000000f3200000,0x00000000f3200000,0x00000000f3700000)
 ParOldGen       total 87552K, used 14108K [0x00000000c0000000, 0x00000000c5580000, 0x00000000eab00000)
  object space 87552K, 16% used [0x00000000c0000000,0x00000000c0dc72c0,0x00000000c5580000)
 Metaspace       used 6392K, capacity 7216K, committed 7296K, reserved 1056768K
  class space    used 581K, capacity 616K, committed 640K, reserved 1048576K
Event: 11.472 GC heap after
Heap after GC invocations=4 (full 0):
 PSYoungGen      total 138240K, used 5089K [0x00000000eab00000, 0x00000000f3700000, 0x0000000100000000)
  eden space 133120K, 0% used [0x00000000eab00000,0x00000000eab00000,0x00000000f2d00000)
  from space 5120K, 99% used [0x00000000f3200000,0x00000000f36f85c0,0x00000000f3700000)
  to   space 5120K, 0% used [0x00000000f2d00000,0x00000000f2d00000,0x00000000f3200000)
 ParOldGen       total 87552K, used 24768K [0x00000000c0000000, 0x00000000c5580000, 0x00000000eab00000)
  object space 87552K, 28% used [0x00000000c0000000,0x00000000c18301f0,0x00000000c5580000)
 Metaspace       used 6392K, capacity 7216K, committed 7296K, reserved 1056768K
  class space    used 581K, capacity 616K, committed 640K, reserved 1048576K
}
Event: 13.240 GC heap before
{Heap before GC invocations=5 (full 0):
 PSYoungGen      total 138240K, used 138209K [0x00000000eab00000, 0x00000000f3700000, 0x0000000100000000)
  eden space 133120K, 100% used [0x00000000eab00000,0x00000000f2d00000,0x00000000f2d00000)
  from space 5120K, 99% used [0x00000000f3200000,0x00000000f36f85c0,0x00000000f3700000)
  to   space 5120K, 0% used [0x00000000f2d00000,0x00000000f2d00000,0x00000000f3200000)
 ParOldGen       total 87552K, used 24768K [0x00000000c0000000, 0x00000000c5580000, 0x00000000eab00000)
  object space 87552K, 28% used [0x00000000c0000000,0x00000000c18301f0,0x00000000c5580000)
 Metaspace       used 6516K, capacity 7218K, committed 7296K, reserved 1056768K
  class space    used 599K, capacity 618K, committed 640K, reserved 1048576K
Event: 13.359 GC heap after
Heap after GC invocations=5 (full 0):
 PSYoungGen      total 138240K, used 5094K [0x00000000eab00000, 0x00000000fe700000, 0x0000000100000000)
  eden space 133120K, 0% used [0x00000000eab00000,0x00000000eab00000,0x00000000f2d00000)
  from space 5120K, 99% used [0x00000000f2d00000,0x00000000f31f9b80,0x00000000f3200000)
  to   space 28672K, 0% used [0x00000000fcb00000,0x00000000fcb00000,0x00000000fe700000)
 ParOldGen       total 87552K, used 46307K [0x00000000c0000000, 0x00000000c5580000, 0x00000000eab00000)
  object space 87552K, 52% used [0x00000000c0000000,0x00000000c2d38e30,0x00000000c5580000)
 Metaspace       used 6516K, capacity 7218K, committed 7296K, reserved 1056768K
  class space    used 599K, capacity 618K, committed 640K, reserved 1048576K
}
Event: 14.515 GC heap before
{Heap before GC invocations=6 (full 0):
 PSYoungGen      total 138240K, used 138214K [0x00000000eab00000, 0x00000000fe700000, 0x0000000100000000)
  eden space 133120K, 100% used [0x00000000eab00000,0x00000000f2d00000,0x00000000f2d00000)
  from space 5120K, 99% used [0x00000000f2d00000,0x00000000f31f9b80,0x00000000f3200000)
  to   space 28672K, 0% used [0x00000000fcb00000,0x00000000fcb00000,0x00000000fe700000)
 ParOldGen       total 87552K, used 46307K [0x00000000c0000000, 0x00000000c5580000, 0x00000000eab00000)
  object space 87552K, 52% used [0x00000000c0000000,0x00000000c2d38e30,0x00000000c5580000)
 Metaspace       used 6526K, capacity 7218K, committed 7296K, reserved 1056768K
  class space    used 599K, capacity 618K, committed 640K, reserved 1048576K
Event: 14.615 GC heap after
Heap after GC invocations=6 (full 0):
 PSYoungGen      total 291328K, used 24810K [0x00000000eab00000, 0x00000000fee00000, 0x0000000100000000)
  eden space 262656K, 0% used [0x00000000eab00000,0x00000000eab00000,0x00000000fab80000)
  from space 28672K, 86% used [0x00000000fcb00000,0x00000000fe33a9d0,0x00000000fe700000)
  to   space 32256K, 0% used [0x00000000fab80000,0x00000000fab80000,0x00000000fcb00000)
 ParOldGen       total 87552K, used 46307K [0x00000000c0000000, 0x00000000c5580000, 0x00000000eab00000)
  object space 87552K, 52% used [0x00000000c0000000,0x00000000c2d38e30,0x00000000c5580000)
 Metaspace       used 6526K, capacity 7218K, committed 7296K, reserved 1056768K
  class space    used 599K, capacity 618K, committed 640K, reserved 1048576K
}

Deoptimization events (10 events):
Event: 13.796 Thread 0x0000000016e99000 Uncommon trap: reason=unstable_if action=reinterpret pc=0x0000000003a65f88 method=java.util.HashMap.putVal(ILjava/lang/Object;Ljava/lang/Object;ZZ)Ljava/lang/Object; @ 162
Event: 13.977 Thread 0x0000000016e97000 Uncommon trap: reason=unstable_if action=reinterpret pc=0x0000000003a92fac method=java.util.HashMap.putVal(ILjava/lang/Object;Ljava/lang/Object;ZZ)Ljava/lang/Object; @ 162
Event: 14.024 Thread 0x0000000016e90800 Uncommon trap: reason=bimorphic action=maybe_recompile pc=0x0000000003c1ee98 method=com.android.dx.cf.code.BytecodeArray.parseInstruction(ILcom/android/dx/cf/code/BytecodeArray$Visitor;)I @ 907
Event: 14.024 Thread 0x0000000016e90800 Uncommon trap: reason=bimorphic action=maybe_recompile pc=0x0000000003c1f1e0 method=com.android.dx.cf.code.BytecodeArray.parseInstruction(ILcom/android/dx/cf/code/BytecodeArray$Visitor;)I @ 1035
Event: 14.024 Thread 0x0000000016e90800 Uncommon trap: reason=bimorphic action=maybe_recompile pc=0x0000000003c1ef18 method=com.android.dx.cf.code.BytecodeArray.parseInstruction(ILcom/android/dx/cf/code/BytecodeArray$Visitor;)I @ 923
Event: 14.024 Thread 0x0000000016e90800 Uncommon trap: reason=bimorphic action=maybe_recompile pc=0x0000000003c1f53c method=com.android.dx.cf.code.BytecodeArray.parseInstruction(ILcom/android/dx/cf/code/BytecodeArray$Visitor;)I @ 1224
Event: 14.024 Thread 0x0000000016e90800 Uncommon trap: reason=bimorphic action=maybe_recompile pc=0x0000000003c1f53c method=com.android.dx.cf.code.BytecodeArray.parseInstruction(ILcom/android/dx/cf/code/BytecodeArray$Visitor;)I @ 1224
Event: 14.656 Thread 0x0000000016e99000 Uncommon trap: reason=unstable_if action=reinterpret pc=0x0000000003843014 method=java.util.HashMap.resize()[Ljava/util/HashMap$Node; @ 206
Event: 14.718 Thread 0x0000000016e97000 Uncommon trap: reason=class_check action=maybe_recompile pc=0x0000000003c876cc method=com.android.dx.cf.code.BytecodeArray.parseInstruction(ILcom/android/dx/cf/code/BytecodeArray$Visitor;)I @ 1642
Event: 14.718 Thread 0x0000000016e97000 Uncommon trap: reason=class_check action=maybe_recompile pc=0x0000000003c876cc method=com.android.dx.cf.code.BytecodeArray.parseInstruction(ILcom/android/dx/cf/code/BytecodeArray$Visitor;)I @ 1642

Internal exceptions (7 events):
Event: 0.426 Thread 0x00000000030f0800 Exception <a 'java/lang/NoSuchMethodError': Method sun.misc.Unsafe.defineClass(Ljava/lang/String;[BII)Ljava/lang/Class; name or signature does not match> (0x00000000eab07cc0) thrown at [C:\src\android\AOSP-openjdk\external\jetbrains\jdk\hotspot\src\share\vPÕ§°Ë?Û?
Event: 0.426 Thread 0x00000000030f0800 Exception <a 'java/lang/NoSuchMethodError': Method sun.misc.Unsafe.prefetchRead(Ljava/lang/Object;J)V name or signature does not match> (0x00000000eab07fa8) thrown at [C:\src\android\AOSP-openjdk\external\jetbrains\jdk\hotspot\src\share\vm\prims\jni.cpp, l¬:´J @
Event: 8.146 Thread 0x0000000016e9a800 Implicit null exception at 0x0000000003525110 to 0x00000000035275c9
Event: 11.638 Thread 0x0000000016e97000 Implicit null exception at 0x00000000037b5853 to 0x00000000037b6ba9
Event: 12.382 Thread 0x0000000016e97000 Exception <a 'java/lang/ArrayIndexOutOfBoundsException': 18> (0x00000000ef727118) thrown at [C:\src\android\AOSP-openjdk\external\jetbrains\jdk\hotspot\src\share\vm\interpreter\interpreterRuntime.cpp, line 366]
Event: 12.383 Thread 0x0000000016e97000 Exception <a 'java/lang/ArrayIndexOutOfBoundsException'> (0x00000000ef728c98) thrown at [C:\src\android\AOSP-openjdk\external\jetbrains\jdk\hotspot\src\share\vm\runtime\sharedRuntime.cpp, line 605]
Event: 12.384 Thread 0x0000000016e97000 Exception <a 'java/lang/ArrayIndexOutOfBoundsException'> (0x00000000ef729f80) thrown at [C:\src\android\AOSP-openjdk\external\jetbrains\jdk\hotspot\src\share\vm\runtime\sharedRuntime.cpp, line 605]

Events (10 events):
Event: 14.718 Thread 0x0000000016e97000 Uncommon trap: trap_request=0xffffffde fr.pc=0x0000000003c876cc
Event: 14.718 Thread 0x0000000016e97000 DEOPT PACKING pc=0x0000000003c876cc sp=0x0000000017a1e640
Event: 14.718 Thread 0x0000000016e97000 DEOPT UNPACKING pc=0x000000000323556a sp=0x0000000017a1e5c8 mode 2
Event: 14.718 Thread 0x0000000016e97000 Uncommon trap: trap_request=0xffffffde fr.pc=0x0000000003c876cc
Event: 14.718 Thread 0x0000000016e97000 DEOPT PACKING pc=0x0000000003c876cc sp=0x0000000017a1e640
Event: 14.718 Thread 0x0000000016e97000 DEOPT UNPACKING pc=0x000000000323556a sp=0x0000000017a1e5c8 mode 2
Event: 14.789 Thread 0x0000000016e90800 Thread exited: 0x0000000016e90800
Event: 14.804 Thread 0x0000000016e97000 DEOPT PACKING pc=0x0000000003a425b3 sp=0x0000000017a1e6c0
Event: 14.804 Thread 0x0000000016e97000 DEOPT UNPACKING pc=0x00000000032375bf sp=0x0000000017a1e450 mode 0
Event: 14.806 Thread 0x0000000016e99000 Thread exited: 0x0000000016e99000


Dynamic libraries:
0x00007ff7aa290000 - 0x00007ff7aa2c1000 	D:\android-studio-ide-145.3360264-windows\android-studio\jre\bin\java.exe
0x00007ffef7bd0000 - 0x00007ffef7da1000 	C:\WINDOWS\SYSTEM32\ntdll.dll
0x00007ffef75b0000 - 0x00007ffef765b000 	C:\WINDOWS\System32\KERNEL32.DLL
0x00007ffef4c60000 - 0x00007ffef4e7d000 	C:\WINDOWS\System32\KERNELBASE.dll
0x00007ffef5390000 - 0x00007ffef5432000 	C:\WINDOWS\System32\ADVAPI32.dll
0x00007ffef7280000 - 0x00007ffef731e000 	C:\WINDOWS\System32\msvcrt.dll
0x00007ffef7550000 - 0x00007ffef75a9000 	C:\WINDOWS\System32\sechost.dll
0x00007ffef5440000 - 0x00007ffef5561000 	C:\WINDOWS\System32\RPCRT4.dll
0x00007ffef5220000 - 0x00007ffef5385000 	C:\WINDOWS\System32\USER32.dll
0x00007ffef49d0000 - 0x00007ffef49ee000 	C:\WINDOWS\System32\win32u.dll
0x00007ffef58b0000 - 0x00007ffef58e4000 	C:\WINDOWS\System32\GDI32.dll
0x00007ffef40c0000 - 0x00007ffef4242000 	C:\WINDOWS\System32\gdi32full.dll
0x00007ffee8340000 - 0x00007ffee85b9000 	C:\WINDOWS\WinSxS\amd64_microsoft.windows.common-controls_6595b64144ccf1df_6.0.14393.447_none_42191651c6827bb3\COMCTL32.dll
0x00007ffef5570000 - 0x00007ffef5838000 	C:\WINDOWS\System32\combase.dll
0x00007ffef4b60000 - 0x00007ffef4c55000 	C:\WINDOWS\System32\ucrtbase.dll
0x00007ffef4af0000 - 0x00007ffef4b5a000 	C:\WINDOWS\System32\bcryptPrimitives.dll
0x00007ffef7ba0000 - 0x00007ffef7bce000 	C:\WINDOWS\System32\IMM32.DLL
0x0000000071a00000 - 0x0000000071ad2000 	D:\android-studio-ide-145.3360264-windows\android-studio\jre\jre\bin\msvcr100.dll
0x0000000071e10000 - 0x0000000072644000 	D:\android-studio-ide-145.3360264-windows\android-studio\jre\jre\bin\server\jvm.dll
0x00007ffef7660000 - 0x00007ffef7668000 	C:\WINDOWS\System32\PSAPI.DLL
0x00007ffee3080000 - 0x00007ffee3089000 	C:\WINDOWS\SYSTEM32\WSOCK32.dll
0x00007ffef7320000 - 0x00007ffef738a000 	C:\WINDOWS\System32\WS2_32.dll
0x00007ffef22d0000 - 0x00007ffef22f3000 	C:\WINDOWS\SYSTEM32\WINMM.dll
0x00007ffef1130000 - 0x00007ffef113a000 	C:\WINDOWS\SYSTEM32\VERSION.dll
0x00007ffef2270000 - 0x00007ffef229b000 	C:\WINDOWS\SYSTEM32\WINMMBASE.dll
0x00007ffef49f0000 - 0x00007ffef4a32000 	C:\WINDOWS\System32\cfgmgr32.dll
0x00007ffef24e0000 - 0x00007ffef24ef000 	D:\android-studio-ide-145.3360264-windows\android-studio\jre\jre\bin\verify.dll
0x00007ffeed000000 - 0x00007ffeed029000 	D:\android-studio-ide-145.3360264-windows\android-studio\jre\jre\bin\java.dll
0x00007ffef1070000 - 0x00007ffef1086000 	D:\android-studio-ide-145.3360264-windows\android-studio\jre\jre\bin\zip.dll
0x00007ffef5d70000 - 0x00007ffef7279000 	C:\WINDOWS\System32\SHELL32.dll
0x00007ffef42f0000 - 0x00007ffef49ca000 	C:\WINDOWS\System32\windows.storage.dll
0x00007ffef4040000 - 0x00007ffef408c000 	C:\WINDOWS\System32\powrprof.dll
0x00007ffef74f0000 - 0x00007ffef7542000 	C:\WINDOWS\System32\shlwapi.dll
0x00007ffef40b0000 - 0x00007ffef40bf000 	C:\WINDOWS\System32\kernel.appcore.dll
0x00007ffef4a40000 - 0x00007ffef4ae9000 	C:\WINDOWS\System32\shcore.dll
0x00007ffef4090000 - 0x00007ffef40a4000 	C:\WINDOWS\System32\profapi.dll

VM Arguments:
jvm_args: -Djava.awt.headless=true -Xmx1024M -Dfile.encoding=GBK -Duser.country=CN -Duser.language=zh -Duser.variant 
java_command: com.android.dx.command.Main --dex --num-threads=4 --output E:\workSpace\AsyncHttpForAndroid\app\build\intermediates\pre-dexed\debug\com.android.support-support-v4-23.4.0_eb488f3183c0d073fbb6265f8d7335a18162c67f.jar E:\workSpace\AsyncHttpForAndroid\app\build\intermediates\exploded-aar\com.android.support\support-v4\23.4.0\jars\classes.jar
java_class_path (initial): D:\as_sdk\build-tools\24.0.2\lib\dx.jar
Launcher Type: SUN_STANDARD

Environment Variables:
JAVA_HOME=D:\Java\jdk1.8.0_92
CLASSPATH=.;D:\Java\jdk1.8.0_92\lib\dt.jar;D:\Java\jdk1.8.0_92\lib\tools.jar;
PATH=C:\ProgramData\Oracle\Java\javapath;C:\Program Files (x86)\Intel\iCLS Client\;C:\Program Files\Intel\iCLS Client\;C:\WINDOWS\system32;C:\WINDOWS;C:\WINDOWS\System32\Wbem;C:\WINDOWS\System32\WindowsPowerShell\v1.0\;C:\Program Files (x86)\Intel\Intel(R) Management Engine Components\DAL;C:\Program Files\Intel\Intel(R) Management Engine Components\DAL;C:\Program Files (x86)\Intel\Intel(R) Management Engine Components\IPT;C:\Program Files\Intel\Intel(R) Management Engine Components\IPT;C:\Program Files\Intel\WiFi\bin\;C:\Program Files\Common Files\Intel\WirelessCommon\;D:\Java\jdk1.8.0_92\bin;E:\apache-maven-3.3.3\bin;C:\Program Files\nodejs\;C:\Users\admin\AppData\Local\Microsoft\WindowsApps;C:\Users\admin\AppData\Roaming\npm
USERNAME=admin
OS=Windows_NT
PROCESSOR_IDENTIFIER=Intel64 Family 6 Model 78 Stepping 3, GenuineIntel



---------------  S Y S T E M  ---------------

OS: Windows 10.0 , 64 bit Build 14393 (10.0.14393.0)

CPU:total 4 (2 cores per cpu, 2 threads per core) family 6 model 78 stepping 3, cmov, cx8, fxsr, mmx, sse, sse2, sse3, ssse3, sse4.1, sse4.2, popcnt, avx, avx2, clmul, erms, 3dnowpref, lzcnt, ht, tsc, tscinvbit, bmi1, bmi2, adx

Memory: 4k page, physical 8283600k(1000716k free), swap 20043468k(10248k free)

vm_info: OpenJDK 64-Bit Server VM (25.76-b03) for windows-amd64 JRE (1.8.0_76-release-b03), built on Jun 29 2016 19:09:20 by "ralucas" with MS VC++ 10.0 (VS2010)

time: Thu Feb 16 19:29:35 2017
elapsed time: 14 seconds (0d 0h 0m 14s)

